<?xml version="1.0" encoding="UTF-8"?>
<!-- Generated by org.testng.reporters.JUnitReportReporter -->
<testsuite hostname="inbl01lap7026" failures="0" tests="1" name="Com.Orange.testcases.HomePageTest" time="22.343" errors="0" timestamp="2022-02-14T09:20:22 IST" skipped="0">
  <testcase classname="Com.Orange.testcases.HomePageTest" name="admintabTest" time="22.343"/>
  <system-out/>
</testsuite> <!-- Com.Orange.testcases.HomePageTest -->
