<?xml version="1.0" encoding="UTF-8"?>
<!-- Generated by org.testng.reporters.JUnitReportReporter -->
<testsuite hostname="inbl01lap7026" failures="0" tests="2" name="Com.Orange.testcases.LoginPageTest" time="24.852" errors="0" timestamp="2022-02-14T09:20:22 IST" skipped="0">
  <testcase classname="Com.Orange.testcases.LoginPageTest" name="verifylogo" time="8.085"/>
  <system-out/>
  <testcase classname="Com.Orange.testcases.LoginPageTest" name="loginTest" time="16.767"/>
  <system-out/>
</testsuite> <!-- Com.Orange.testcases.LoginPageTest -->
